<?xml version="1.0" encoding="UTF-8"?>
<!-- Generated by org.testng.reporters.JUnitReportReporter -->
<testsuite skipped="0" hostname="DESKTOP-LHLA0PA" name="Test.FacebookLogin" tests="1" failures="0" timestamp="2019-12-18T00:31:43 IST" time="9.841" errors="0">
  <testcase name="LoginValidation" time="9.841" classname="Test.FacebookLogin"/>
</testsuite> <!-- Test.FacebookLogin -->
