<?xml version="1.0" encoding="UTF-8"?>
<!-- Generated by org.testng.reporters.JUnitReportReporter -->
<testsuite skipped="0" hostname="DESKTOP-LHLA0PA" name="Test.SwagLabs" tests="8" failures="0" timestamp="2019-12-18T04:33:08 IST" time="9.686" errors="0">
  <testcase name="loginUSER" time="1.362" classname="Test.SwagLabs"/>
  <testcase name="SwagLabsLogin" time="6.326" classname="Test.SwagLabs"/>
  <testcase name="priceOrder" time="0.119" classname="Test.SwagLabs"/>
  <testcase name="addToCart" time="0.331" classname="Test.SwagLabs"/>
  <testcase name="checkoutOrder" time="0.579" classname="Test.SwagLabs"/>
  <testcase name="checkoutInformation" time="0.471" classname="Test.SwagLabs"/>
  <testcase name="orderConfermation" time="0.420" classname="Test.SwagLabs"/>
  <testcase name="placedOrderVerification" time="0.078" classname="Test.SwagLabs"/>
</testsuite> <!-- Test.SwagLabs -->
